# JRE version: Java(TM) SE Runtime Environment (8.0_151-b12) (build 1.8.0_151-b12)
# Java VM: Java HotSpot(TM) 64-Bit Server VM (25.151-b12 mixed mode windows-amd64 compressed oops)
Heap:
 PSYoungGen      total 169472K, used 102930K [0x00000000d5c00000, 0x00000000e3300000, 0x0000000100000000)
  eden space 160256K, 64% used [0x00000000d5c00000,0x00000000dc084828,0x00000000df880000)
  from space 9216K, 0% used [0x00000000e0500000,0x00000000e0500000,0x00000000e0e00000)
  to   space 12800K, 0% used [0x00000000df880000,0x00000000df880000,0x00000000e0500000)
 ParOldGen       total 57344K, used 18784K [0x0000000081400000, 0x0000000084c00000, 0x00000000d5c00000)
  object space 57344K, 32% used [0x0000000081400000,0x0000000082658328,0x0000000084c00000)
 Metaspace       used 37922K, capacity 39362K, committed 39680K, reserved 1083392K
  class space    used 4758K, capacity 5031K, committed 5120K, reserved 1048576K
GC Heap History (10 events):
Event: 3.477 GC heap before
{Heap before GC invocations=6 (full 1):
 PSYoungGen      total 71680K, used 5103K [0x00000000d5c00000, 0x00000000def00000, 0x0000000100000000)
  eden space 66560K, 0% used [0x00000000d5c00000,0x00000000d5c00000,0x00000000d9d00000)
  from space 5120K, 99% used [0x00000000d9d00000,0x00000000da1fbc30,0x00000000da200000)
  to   space 8704K, 0% used [0x00000000de680000,0x00000000de680000,0x00000000def00000)
 ParOldGen       total 87552K, used 3640K [0x0000000081400000, 0x0000000086980000, 0x00000000d5c00000)
  object space 87552K, 4% used [0x0000000081400000,0x000000008178e228,0x0000000086980000)
 Metaspace       used 20523K, capacity 21064K, committed 21248K, reserved 1067008K
  class space    used 2520K, capacity 2696K, committed 2816K, reserved 1048576K
Event: 3.525 GC heap after
Heap after GC invocations=6 (full 1):
 PSYoungGen      total 71680K, used 0K [0x00000000d5c00000, 0x00000000def00000, 0x0000000100000000)
  eden space 66560K, 0% used [0x00000000d5c00000,0x00000000d5c00000,0x00000000d9d00000)
  from space 5120K, 0% used [0x00000000d9d00000,0x00000000d9d00000,0x00000000da200000)
  to   space 8704K, 0% used [0x00000000de680000,0x00000000de680000,0x00000000def00000)
 ParOldGen       total 57344K, used 8017K [0x0000000081400000, 0x0000000084c00000, 0x00000000d5c00000)
  object space 57344K, 13% used [0x0000000081400000,0x0000000081bd4490,0x0000000084c00000)
 Metaspace       used 20523K, capacity 21064K, committed 21248K, reserved 1067008K
  class space    used 2520K, capacity 2696K, committed 2816K, reserved 1048576K
}
Event: 4.415 GC heap before
{Heap before GC invocations=7 (full 1):
 PSYoungGen      total 71680K, used 66560K [0x00000000d5c00000, 0x00000000def00000, 0x0000000100000000)
  eden space 66560K, 100% used [0x00000000d5c00000,0x00000000d9d00000,0x00000000d9d00000)
  from space 5120K, 0% used [0x00000000d9d00000,0x00000000d9d00000,0x00000000da200000)
  to   space 8704K, 0% used [0x00000000de680000,0x00000000de680000,0x00000000def00000)
 ParOldGen       total 57344K, used 8017K [0x0000000081400000, 0x0000000084c00000, 0x00000000d5c00000)
  object space 57344K, 13% used [0x0000000081400000,0x0000000081bd4490,0x0000000084c00000)
 Metaspace       used 24594K, capacity 25404K, committed 25600K, reserved 1071104K
  class space    used 3041K, capacity 3228K, committed 3328K, reserved 1048576K
Event: 4.428 GC heap after
Heap after GC invocations=7 (full 1):
 PSYoungGen      total 111104K, used 5520K [0x00000000d5c00000, 0x00000000dec00000, 0x0000000100000000)
  eden space 105472K, 0% used [0x00000000d5c00000,0x00000000d5c00000,0x00000000dc300000)
  from space 5632K, 98% used [0x00000000de680000,0x00000000debe43a0,0x00000000dec00000)
  to   space 8192K, 0% used [0x00000000ddc00000,0x00000000ddc00000,0x00000000de400000)
 ParOldGen       total 57344K, used 8025K [0x0000000081400000, 0x0000000084c00000, 0x00000000d5c00000)
  object space 57344K, 13% used [0x0000000081400000,0x0000000081bd6490,0x0000000084c00000)
 Metaspace       used 24594K, capacity 25404K, committed 25600K, reserved 1071104K
  class space    used 3041K, capacity 3228K, committed 3328K, reserved 1048576K
}
Event: 6.236 GC heap before
{Heap before GC invocations=8 (full 1):
 PSYoungGen      total 111104K, used 110992K [0x00000000d5c00000, 0x00000000dec00000, 0x0000000100000000)
  eden space 105472K, 100% used [0x00000000d5c00000,0x00000000dc300000,0x00000000dc300000)
  from space 5632K, 98% used [0x00000000de680000,0x00000000debe43a0,0x00000000dec00000)
  to   space 8192K, 0% used [0x00000000ddc00000,0x00000000ddc00000,0x00000000de400000)
 ParOldGen       total 57344K, used 8025K [0x0000000081400000, 0x0000000084c00000, 0x00000000d5c00000)
  object space 57344K, 13% used [0x0000000081400000,0x0000000081bd6490,0x0000000084c00000)
 Metaspace       used 29616K, capacity 30764K, committed 30848K, reserved 1077248K
  class space    used 3701K, capacity 3928K, committed 3968K, reserved 1048576K
Event: 6.257 GC heap after
Heap after GC invocations=8 (full 1):
 PSYoungGen      total 139264K, used 8173K [0x00000000d5c00000, 0x00000000e0e00000, 0x0000000100000000)
  eden space 131072K, 0% used [0x00000000d5c00000,0x00000000d5c00000,0x00000000ddc00000)
  from space 8192K, 99% used [0x00000000ddc00000,0x00000000de3fb578,0x00000000de400000)
  to   space 9216K, 0% used [0x00000000e0500000,0x00000000e0500000,0x00000000e0e00000)
 ParOldGen       total 57344K, used 8491K [0x0000000081400000, 0x0000000084c00000, 0x00000000d5c00000)
  object space 57344K, 14% used [0x0000000081400000,0x0000000081c4ae40,0x0000000084c00000)
 Metaspace       used 29616K, capacity 30764K, committed 30848K, reserved 1077248K
  class space    used 3701K, capacity 3928K, committed 3968K, reserved 1048576K
}
Event: 16.657 GC heap before
{Heap before GC invocations=9 (full 1):
 PSYoungGen      total 139264K, used 97881K [0x00000000d5c00000, 0x00000000e0e00000, 0x0000000100000000)
  eden space 131072K, 68% used [0x00000000d5c00000,0x00000000db39aef8,0x00000000ddc00000)
  from space 8192K, 99% used [0x00000000ddc00000,0x00000000de3fb578,0x00000000de400000)
  to   space 9216K, 0% used [0x00000000e0500000,0x00000000e0500000,0x00000000e0e00000)
 ParOldGen       total 57344K, used 8491K [0x0000000081400000, 0x0000000084c00000, 0x00000000d5c00000)
  object space 57344K, 14% used [0x0000000081400000,0x0000000081c4ae40,0x0000000084c00000)
 Metaspace       used 33982K, capacity 35234K, committed 35416K, reserved 1081344K
  class space    used 4259K, capacity 4505K, committed 4608K, reserved 1048576K
Event: 16.671 GC heap after
Heap after GC invocations=9 (full 1):
 PSYoungGen      total 169472K, used 9184K [0x00000000d5c00000, 0x00000000e3300000, 0x0000000100000000)
  eden space 160256K, 0% used [0x00000000d5c00000,0x00000000d5c00000,0x00000000df880000)
  from space 9216K, 99% used [0x00000000e0500000,0x00000000e0df8040,0x00000000e0e00000)
  to   space 12800K, 0% used [0x00000000df880000,0x00000000df880000,0x00000000e0500000)
 ParOldGen       total 57344K, used 13949K [0x0000000081400000, 0x0000000084c00000, 0x00000000d5c00000)
  object space 57344K, 24% used [0x0000000081400000,0x000000008219f768,0x0000000084c00000)
 Metaspace       used 33982K, capacity 35234K, committed 35416K, reserved 1081344K
  class space    used 4259K, capacity 4505K, committed 4608K, reserved 1048576K
}
Event: 16.671 GC heap before
{Heap before GC invocations=10 (full 2):
 PSYoungGen      total 169472K, used 9184K [0x00000000d5c00000, 0x00000000e3300000, 0x0000000100000000)
  eden space 160256K, 0% used [0x00000000d5c00000,0x00000000d5c00000,0x00000000df880000)
  from space 9216K, 99% used [0x00000000e0500000,0x00000000e0df8040,0x00000000e0e00000)
  to   space 12800K, 0% used [0x00000000df880000,0x00000000df880000,0x00000000e0500000)
 ParOldGen       total 57344K, used 13949K [0x0000000081400000, 0x0000000084c00000, 0x00000000d5c00000)
  object space 57344K, 24% used [0x0000000081400000,0x000000008219f768,0x0000000084c00000)
 Metaspace       used 33982K, capacity 35234K, committed 35416K, reserved 1081344K
  class space    used 4259K, capacity 4505K, committed 4608K, reserved 1048576K
Event: 16.754 GC heap after
Heap after GC invocations=10 (full 2):
 PSYoungGen      total 169472K, used 0K [0x00000000d5c00000, 0x00000000e3300000, 0x0000000100000000)
  eden space 160256K, 0% used [0x00000000d5c00000,0x00000000d5c00000,0x00000000df880000)
  from space 9216K, 0% used [0x00000000e0500000,0x00000000e0500000,0x00000000e0e00000)
  to   space 12800K, 0% used [0x00000000df880000,0x00000000df880000,0x00000000e0500000)
 ParOldGen       total 57344K, used 18784K [0x0000000081400000, 0x0000000084c00000, 0x00000000d5c00000)
  object space 57344K, 32% used [0x0000000081400000,0x0000000082658328,0x0000000084c00000)
 Metaspace       used 33982K, capacity 35234K, committed 35416K, reserved 1081344K
  class space    used 4259K, capacity 4505K, committed 4608K, reserved 1048576K
}

